0 info it worked if it ends with ok
1 verbose cli [ 'C:\\Program Files\\nodejs\\node.exe',
1 verbose cli   'C:\\Users\\Lina\\AppData\\Roaming\\npm\\node_modules\\npm\\bin\\npm-cli.js',
1 verbose cli   'start' ]
2 info using npm@3.10.8
3 info using node@v6.10.0
4 verbose run-script [ 'prestart', 'start', 'poststart' ]
5 info lifecycle ngauth0@1.0.0~prestart: ngauth0@1.0.0
6 silly lifecycle ngauth0@1.0.0~prestart: no script for prestart, continuing
7 info lifecycle ngauth0@1.0.0~start: ngauth0@1.0.0
8 verbose lifecycle ngauth0@1.0.0~start: unsafe-perm in lifecycle true
9 verbose lifecycle ngauth0@1.0.0~start: PATH: C:\Users\Lina\AppData\Roaming\npm\node_modules\npm\bin\node-gyp-bin;C:\Users\Lina\Documents\GitHub\Fil-app-Final\client\node_modules\.bin;C:\Program Files (x86)\EasyPHP-DevServer-14.1VC9\binaries\php\php_runningversion;C:\ProgramData\Oracle\Java\javapath;C:\Program Files (x86)\Intel\iCLS Client\;C:\Program Files\Intel\iCLS Client\;C:\WINDOWS\system32;C:\WINDOWS;C:\WINDOWS\System32\Wbem;C:\WINDOWS\System32\WindowsPowerShell\v1.0\;C:\Program Files (x86)\Windows Live\Shared;C:\Program Files (x86)\Intel\OpenCL SDK\2.0\bin\x86;C:\Program Files (x86)\Intel\OpenCL SDK\2.0\bin\x64;C:\Program Files\Intel\Intel(R) Management Engine Components\DAL;C:\Program Files\Intel\Intel(R) Management Engine Components\IPT;C:\Program Files (x86)\Intel\Intel(R) Management Engine Components\DAL;C:\Program Files (x86)\Intel\Intel(R) Management Engine Components\IPT;C:\Program Files (x86)\Skype\Phone\;C:\Users\Lina\.dnx\bin;C:\Program Files\Microsoft DNX\Dnvm\;C:\Program Files\Microsoft SQL Server\130\Tools\Binn\;C:\Program Files\nodejs\;C:\Users\Lina\AppData\Local\Programs\Python\Python35\Scripts\;C:\Users\Lina\AppData\Local\Programs\Python\Python35\;C:\Program Files (x86)\Java;C:\Users\Lina\Desktop\gradle-3.2.1-all\gradle-3.2.1\bin;C:\Program Files (x86)\Microsoft VS Code\bin;C:\Users\Lina\AppData\Roaming\npm
10 verbose lifecycle ngauth0@1.0.0~start: CWD: C:\Users\Lina\Documents\GitHub\Fil-app-Final\client
11 silly lifecycle ngauth0@1.0.0~start: Args: [ '/d /s /c', 'tsc && concurrently "tsc -w" "lite-server" ' ]
12 silly lifecycle ngauth0@1.0.0~start: Returned: code: 2  signal: null
13 info lifecycle ngauth0@1.0.0~start: Failed to exec start script
14 verbose stack Error: ngauth0@1.0.0 start: `tsc && concurrently "tsc -w" "lite-server" `
14 verbose stack Exit status 2
14 verbose stack     at EventEmitter.<anonymous> (C:\Users\Lina\AppData\Roaming\npm\node_modules\npm\lib\utils\lifecycle.js:255:16)
14 verbose stack     at emitTwo (events.js:106:13)
14 verbose stack     at EventEmitter.emit (events.js:191:7)
14 verbose stack     at ChildProcess.<anonymous> (C:\Users\Lina\AppData\Roaming\npm\node_modules\npm\lib\utils\spawn.js:40:14)
14 verbose stack     at emitTwo (events.js:106:13)
14 verbose stack     at ChildProcess.emit (events.js:191:7)
14 verbose stack     at maybeClose (internal/child_process.js:877:16)
14 verbose stack     at Process.ChildProcess._handle.onexit (internal/child_process.js:226:5)
15 verbose pkgid ngauth0@1.0.0
16 verbose cwd C:\Users\Lina\Documents\GitHub\Fil-app-Final\client
17 error Windows_NT 10.0.10586
18 error argv "C:\\Program Files\\nodejs\\node.exe" "C:\\Users\\Lina\\AppData\\Roaming\\npm\\node_modules\\npm\\bin\\npm-cli.js" "start"
19 error node v6.10.0
20 error npm  v3.10.8
21 error code ELIFECYCLE
22 error ngauth0@1.0.0 start: `tsc && concurrently "tsc -w" "lite-server" `
22 error Exit status 2
23 error Failed at the ngauth0@1.0.0 start script 'tsc && concurrently "tsc -w" "lite-server" '.
23 error Make sure you have the latest version of node.js and npm installed.
23 error If you do, this is most likely a problem with the ngauth0 package,
23 error not with npm itself.
23 error Tell the author that this fails on your system:
23 error     tsc && concurrently "tsc -w" "lite-server"
23 error You can get information on how to open an issue for this project with:
23 error     npm bugs ngauth0
23 error Or if that isn't available, you can get their info via:
23 error     npm owner ls ngauth0
23 error There is likely additional logging output above.
24 verbose exit [ 1, true ]
