0 info it worked if it ends with ok
1 verbose cli [ 'C:\\Program Files\\nodejs\\node.exe',
1 verbose cli   'C:\\Users\\hp 15\\AppData\\Roaming\\npm\\node_modules\\npm\\bin\\npm-cli.js',
1 verbose cli   'start' ]
2 info using npm@3.10.8
3 info using node@v7.8.0
4 verbose run-script [ 'prestart', 'start', 'poststart' ]
5 info lifecycle Fil-App@1.0.0~prestart: Fil-App@1.0.0
6 silly lifecycle Fil-App@1.0.0~prestart: no script for prestart, continuing
7 info lifecycle Fil-App@1.0.0~start: Fil-App@1.0.0
8 verbose lifecycle Fil-App@1.0.0~start: unsafe-perm in lifecycle true
9 verbose lifecycle Fil-App@1.0.0~start: PATH: C:\Users\hp 15\AppData\Roaming\npm\node_modules\npm\bin\node-gyp-bin;C:\Users\hp 15\Desktop\PA8\Fil-app-Final\node_modules\.bin;C:\oraclexe\app\oracle\product\11.2.0\server\bin;;C:\ProgramData\Oracle\Java\javapath;C:\Program Files (x86)\Intel\iCLS Client\;C:\Program Files\Intel\iCLS Client\;C:\Windows\system32;C:\Windows;C:\Windows\System32\Wbem;C:\Windows\System32\WindowsPowerShell\v1.0\;C:\Program Files\Hewlett-Packard\SimplePass\;C:\Program Files\Intel\Intel(R) Management Engine Components\DAL;C:\Program Files (x86)\Intel\Intel(R) Management Engine Components\DAL;C:\Program Files\Intel\Intel(R) Management Engine Components\IPT;C:\Program Files (x86)\Intel\Intel(R) Management Engine Components\IPT;C:\Program Files (x86)\NVIDIA Corporation\PhysX\Common;C:\Program Files\Java\jdk1.8.0_51\bin;C:\Users\hp 15\.dnx\bin;C:\Program Files\Microsoft DNX\Dnvm\;C:\Program Files\Microsoft SQL Server\130\Tools\Binn\;C:\Program Files (x86)\Windows Kits\10\Windows Performance Toolkit\;C:\Program Files (x86)\Skype\Phone\;C:\Program Files\nodejs\;;C:\Program Files (x86)\Java\jdk1.7.0_55;C:\Program Files (x86)\Microsoft VS Code\bin;C:\Users\hp 15\AppData\Roaming\npm
10 verbose lifecycle Fil-App@1.0.0~start: CWD: C:\Users\hp 15\Desktop\PA8\Fil-app-Final
11 silly lifecycle Fil-App@1.0.0~start: Args: [ '/d /s /c', 'node server.js' ]
12 silly lifecycle Fil-App@1.0.0~start: Returned: code: 3221225786  signal: null
13 info lifecycle Fil-App@1.0.0~start: Failed to exec start script
14 verbose stack Error: Fil-App@1.0.0 start: `node server.js`
14 verbose stack Exit status 3221225786
14 verbose stack     at EventEmitter.<anonymous> (C:\Users\hp 15\AppData\Roaming\npm\node_modules\npm\lib\utils\lifecycle.js:255:16)
14 verbose stack     at emitTwo (events.js:106:13)
14 verbose stack     at EventEmitter.emit (events.js:194:7)
14 verbose stack     at ChildProcess.<anonymous> (C:\Users\hp 15\AppData\Roaming\npm\node_modules\npm\lib\utils\spawn.js:40:14)
14 verbose stack     at emitTwo (events.js:106:13)
14 verbose stack     at ChildProcess.emit (events.js:194:7)
14 verbose stack     at maybeClose (internal/child_process.js:899:16)
14 verbose stack     at Process.ChildProcess._handle.onexit (internal/child_process.js:226:5)
15 verbose pkgid Fil-App@1.0.0
16 verbose cwd C:\Users\hp 15\Desktop\PA8\Fil-app-Final
17 error Windows_NT 6.3.9600
18 error argv "C:\\Program Files\\nodejs\\node.exe" "C:\\Users\\hp 15\\AppData\\Roaming\\npm\\node_modules\\npm\\bin\\npm-cli.js" "start"
19 error node v7.8.0
20 error npm  v3.10.8
21 error code ELIFECYCLE
22 error Fil-App@1.0.0 start: `node server.js`
22 error Exit status 3221225786
23 error Failed at the Fil-App@1.0.0 start script 'node server.js'.
23 error Make sure you have the latest version of node.js and npm installed.
23 error If you do, this is most likely a problem with the Fil-App package,
23 error not with npm itself.
23 error Tell the author that this fails on your system:
23 error     node server.js
23 error You can get information on how to open an issue for this project with:
23 error     npm bugs Fil-App
23 error Or if that isn't available, you can get their info via:
23 error     npm owner ls Fil-App
23 error There is likely additional logging output above.
24 verbose exit [ 1, true ]
